E:\MFC\GAME\SAMEGAME\SAMEGAME\DEBUG\SAMEGAME.PCH
E:\MFC\GAME\SAMEGAME\SAMEGAME\DEBUG\STDAFX.OBJ
E:\MFC\GAME\SAMEGAME\SAMEGAME\DEBUG\VC110.PDB
E:\MFC\GAME\SAMEGAME\SAMEGAME\DEBUG\MAINFRM.OBJ
E:\MFC\GAME\SAMEGAME\SAMEGAME\DEBUG\SAMEGAME.OBJ
E:\MFC\GAME\SAMEGAME\SAMEGAME\DEBUG\SAMEGAMEDOC.OBJ
E:\MFC\GAME\SAMEGAME\SAMEGAME\DEBUG\SAMEGAMEVIEW.OBJ
E:\MFC\GAME\SAMEGAME\SAMEGAME\DEBUG\SAMEGAMEBOARD.OBJ
E:\MFC\GAME\SAMEGAME\SAMEGAME\DEBUG\OPTIONSDIALOG.OBJ
E:\MFC\GAME\SAMEGAME\DEBUG\SAMEGAME.ILK
E:\MFC\GAME\SAMEGAME\DEBUG\SAMEGAME.EXE
E:\MFC\GAME\SAMEGAME\DEBUG\SAMEGAME.PDB
E:\MFC\GAME\SAMEGAME\SAMEGAME\DEBUG\SAMEGAME.RES
E:\MFC\Game\SameGame\SameGame\Debug\MainFrm.obj
E:\MFC\Game\SameGame\SameGame\Debug\OptionsDialog.obj
E:\MFC\Game\SameGame\SameGame\Debug\SameGame.obj
E:\MFC\Game\SameGame\SameGame\Debug\SameGameBoard.obj
E:\MFC\Game\SameGame\SameGame\Debug\SameGameDoc.obj
E:\MFC\Game\SameGame\SameGame\Debug\SameGameView.obj
E:\MFC\Game\SameGame\SameGame\Debug\stdafx.obj
E:\MFC\Game\SameGame\SameGame\Debug\cl.command.1.tlog
E:\MFC\Game\SameGame\SameGame\Debug\CL.read.1.tlog
E:\MFC\Game\SameGame\SameGame\Debug\CL.write.1.tlog
E:\MFC\Game\SameGame\SameGame\Debug\link-cvtres.read.1.tlog
E:\MFC\Game\SameGame\SameGame\Debug\link-cvtres.write.1.tlog
E:\MFC\Game\SameGame\SameGame\Debug\link-mt.read.1.tlog
E:\MFC\Game\SameGame\SameGame\Debug\link-mt.write.1.tlog
E:\MFC\Game\SameGame\SameGame\Debug\link-rc.read.1.tlog
E:\MFC\Game\SameGame\SameGame\Debug\link-rc.write.1.tlog
E:\MFC\Game\SameGame\SameGame\Debug\link.2776-cvtres.read.1.tlog
E:\MFC\Game\SameGame\SameGame\Debug\link.2776-cvtres.write.1.tlog
E:\MFC\Game\SameGame\SameGame\Debug\link.2776-mt.read.1.tlog
E:\MFC\Game\SameGame\SameGame\Debug\link.2776-mt.write.1.tlog
E:\MFC\Game\SameGame\SameGame\Debug\link.2776-rc.read.1.tlog
E:\MFC\Game\SameGame\SameGame\Debug\link.2776-rc.write.1.tlog
E:\MFC\Game\SameGame\SameGame\Debug\link.2776.read.1.tlog
E:\MFC\Game\SameGame\SameGame\Debug\link.2776.write.1.tlog
E:\MFC\Game\SameGame\SameGame\Debug\link.2844-cvtres.read.1.tlog
E:\MFC\Game\SameGame\SameGame\Debug\link.2844-cvtres.write.1.tlog
E:\MFC\Game\SameGame\SameGame\Debug\link.2844-mt.read.1.tlog
E:\MFC\Game\SameGame\SameGame\Debug\link.2844-mt.write.1.tlog
E:\MFC\Game\SameGame\SameGame\Debug\link.2844-rc.read.1.tlog
E:\MFC\Game\SameGame\SameGame\Debug\link.2844-rc.write.1.tlog
E:\MFC\Game\SameGame\SameGame\Debug\link.2844.read.1.tlog
E:\MFC\Game\SameGame\SameGame\Debug\link.2844.write.1.tlog
E:\MFC\Game\SameGame\SameGame\Debug\link.4656-cvtres.read.1.tlog
E:\MFC\Game\SameGame\SameGame\Debug\link.4656-cvtres.write.1.tlog
E:\MFC\Game\SameGame\SameGame\Debug\link.4656-mt.read.1.tlog
E:\MFC\Game\SameGame\SameGame\Debug\link.4656-mt.write.1.tlog
E:\MFC\Game\SameGame\SameGame\Debug\link.4656-rc.read.1.tlog
E:\MFC\Game\SameGame\SameGame\Debug\link.4656-rc.write.1.tlog
E:\MFC\Game\SameGame\SameGame\Debug\link.4656.read.1.tlog
E:\MFC\Game\SameGame\SameGame\Debug\link.4656.write.1.tlog
E:\MFC\Game\SameGame\SameGame\Debug\link.command.1.tlog
E:\MFC\Game\SameGame\SameGame\Debug\link.read.1.tlog
E:\MFC\Game\SameGame\SameGame\Debug\link.write.1.tlog
E:\MFC\Game\SameGame\SameGame\Debug\rc.command.1.tlog
E:\MFC\Game\SameGame\SameGame\Debug\rc.read.1.tlog
E:\MFC\Game\SameGame\SameGame\Debug\rc.write.1.tlog
E:\MFC\Game\SameGame\SameGame\Debug\SameGame.res
E:\MFC\Game\SameGame\SameGame\Debug\SameGame.pch
E:\MFC\Game\SameGame\SameGame\Debug\vc110.idb
E:\MFC\Game\SameGame\SameGame\Debug\vc110.pdb
E:\MFC\Game\SameGame\Debug\SameGame.pdb
E:\MFC\Game\SameGame\Debug\SameGame.exe
E:\MFC\Game\SameGame\Debug\SameGame.ilk
